android/app/build/intermediates/manifest_merge_blame_file/release/processReleaseMainManifest/manifest-merger-blame-release-report.txt
1<?xml version="1.0" encoding="utf-8"?>
2<manifest xmlns:android="http://schemas.android.com/apk/res/android"
3    package="com.vread.app"
4    android:versionCode="2"
5    android:versionName="1.0" >
6
7    <uses-sdk
8        android:minSdkVersion="23"
9        android:targetSdkVersion="35" />
10
11    <!-- Permissions -->
12
13    <uses-permission android:name="android.permission.INTERNET" />
13-->src/main/AndroidManifest.xml:40:5-67
13-->src/main/AndroidManifest.xml:40:22-64
14    <uses-permission android:name="android.permission.RECEIVE_BOOT_COMPLETED" />
14-->[:capacitor-local-notifications] AndroidManifest.xml:7:5-81
14-->[:capacitor-local-notifications] AndroidManifest.xml:7:22-78
15    <uses-permission android:name="android.permission.WAKE_LOCK" />
15-->[:capacitor-local-notifications] AndroidManifest.xml:8:5-68
15-->[:capacitor-local-notifications] AndroidManifest.xml:8:22-65
16    <uses-permission android:name="android.permission.POST_NOTIFICATIONS" />
16-->[:capacitor-local-notifications] AndroidManifest.xml:9:5-77
16-->[:capacitor-local-notifications] AndroidManifest.xml:9:22-74
17    <uses-permission android:name="com.android.vending.BILLING" />
17-->[com.android.billingclient:billing:8.0.0] AndroidManifest.xml:10:5-67
17-->[com.android.billingclient:billing:8.0.0] AndroidManifest.xml:10:22-64
18
19    <queries>
19-->[com.android.billingclient:billing:8.0.0] AndroidManifest.xml:12:5-19:15
20        <intent>
20-->[com.android.billingclient:billing:8.0.0] AndroidManifest.xml:13:9-15:18
21            <action android:name="com.android.vending.billing.InAppBillingService.BIND" />
21-->[com.android.billingclient:billing:8.0.0] AndroidManifest.xml:14:13-91
21-->[com.android.billingclient:billing:8.0.0] AndroidManifest.xml:14:21-88
22        </intent>
23        <intent>
23-->[com.android.billingclient:billing:8.0.0] AndroidManifest.xml:16:9-18:18
24            <action android:name="com.google.android.apps.play.billingtestcompanion.BillingOverrideService.BIND" />
24-->[com.android.billingclient:billing:8.0.0] AndroidManifest.xml:17:13-116
24-->[com.android.billingclient:billing:8.0.0] AndroidManifest.xml:17:21-113
25        </intent>
26    </queries>
27
28    <permission
28-->[androidx.core:core:1.15.0] AndroidManifest.xml:22:5-24:47
29        android:name="com.vread.app.DYNAMIC_RECEIVER_NOT_EXPORTED_PERMISSION"
29-->[androidx.core:core:1.15.0] AndroidManifest.xml:23:9-81
30        android:protectionLevel="signature" />
30-->[androidx.core:core:1.15.0] AndroidManifest.xml:24:9-44
31
32    <uses-permission android:name="com.vread.app.DYNAMIC_RECEIVER_NOT_EXPORTED_PERMISSION" /> <!-- Although the *SdkVersion is captured in gradle build files, this is required for non gradle builds -->
32-->[androidx.core:core:1.15.0] AndroidManifest.xml:26:5-97
32-->[androidx.core:core:1.15.0] AndroidManifest.xml:26:22-94
33    <!-- <uses-sdk android:minSdkVersion="14"/> -->
34    <uses-permission android:name="android.permission.ACCESS_NETWORK_STATE" />
34-->[com.google.android.datatransport:transport-backend-cct:3.1.8] AndroidManifest.xml:24:5-79
34-->[com.google.android.datatransport:transport-backend-cct:3.1.8] AndroidManifest.xml:24:22-76
35
36    <application
36-->src/main/AndroidManifest.xml:4:5-36:19
37        android:allowBackup="true"
37-->src/main/AndroidManifest.xml:5:9-35
38        android:appComponentFactory="androidx.core.app.CoreComponentFactory"
38-->[androidx.core:core:1.15.0] AndroidManifest.xml:28:18-86
39        android:extractNativeLibs="false"
40        android:icon="@mipmap/ic_launcher"
40-->src/main/AndroidManifest.xml:6:9-43
41        android:label="@string/app_name"
41-->src/main/AndroidManifest.xml:7:9-41
42        android:roundIcon="@mipmap/ic_launcher_round"
42-->src/main/AndroidManifest.xml:8:9-54
43        android:supportsRtl="true"
43-->src/main/AndroidManifest.xml:9:9-35
44        android:theme="@style/AppTheme" >
44-->src/main/AndroidManifest.xml:10:9-40
45        <activity
45-->src/main/AndroidManifest.xml:12:9-25:20
46            android:name="com.vread.app.MainActivity"
46-->src/main/AndroidManifest.xml:14:13-41
47            android:configChanges="orientation|keyboardHidden|keyboard|screenSize|locale|smallestScreenSize|screenLayout|uiMode|navigation"
47-->src/main/AndroidManifest.xml:13:13-140
48            android:exported="true"
48-->src/main/AndroidManifest.xml:18:13-36
49            android:label="@string/title_activity_main"
49-->src/main/AndroidManifest.xml:15:13-56
50            android:launchMode="singleTask"
50-->src/main/AndroidManifest.xml:17:13-44
51            android:theme="@style/AppTheme.NoActionBarLaunch" >
51-->src/main/AndroidManifest.xml:16:13-62
52            <intent-filter>
52-->src/main/AndroidManifest.xml:20:13-23:29
53                <action android:name="android.intent.action.MAIN" />
53-->src/main/AndroidManifest.xml:21:17-69
53-->src/main/AndroidManifest.xml:21:25-66
54
55                <category android:name="android.intent.category.LAUNCHER" />
55-->src/main/AndroidManifest.xml:22:17-77
55-->src/main/AndroidManifest.xml:22:27-74
56            </intent-filter>
57        </activity>
58
59        <provider
60            android:name="androidx.core.content.FileProvider"
60-->src/main/AndroidManifest.xml:28:13-62
61            android:authorities="com.vread.app.fileprovider"
61-->src/main/AndroidManifest.xml:29:13-64
62            android:exported="false"
62-->src/main/AndroidManifest.xml:30:13-37
63            android:grantUriPermissions="true" >
63-->src/main/AndroidManifest.xml:31:13-47
64            <meta-data
64-->src/main/AndroidManifest.xml:32:13-34:64
65                android:name="android.support.FILE_PROVIDER_PATHS"
65-->src/main/AndroidManifest.xml:33:17-67
66                android:resource="@xml/file_paths" />
66-->src/main/AndroidManifest.xml:34:17-51
67        </provider>
68
69        <receiver android:name="com.capacitorjs.plugins.localnotifications.TimedNotificationPublisher" />
69-->[:capacitor-local-notifications] AndroidManifest.xml:12:9-106
69-->[:capacitor-local-notifications] AndroidManifest.xml:12:19-103
70        <receiver android:name="com.capacitorjs.plugins.localnotifications.NotificationDismissReceiver" />
70-->[:capacitor-local-notifications] AndroidManifest.xml:13:9-107
70-->[:capacitor-local-notifications] AndroidManifest.xml:13:19-104
71        <receiver
71-->[:capacitor-local-notifications] AndroidManifest.xml:14:9-23:20
72            android:name="com.capacitorjs.plugins.localnotifications.LocalNotificationRestoreReceiver"
72-->[:capacitor-local-notifications] AndroidManifest.xml:15:13-103
73            android:directBootAware="true"
73-->[:capacitor-local-notifications] AndroidManifest.xml:16:13-43
74            android:exported="false" >
74-->[:capacitor-local-notifications] AndroidManifest.xml:17:13-37
75            <intent-filter>
75-->[:capacitor-local-notifications] AndroidManifest.xml:18:13-22:29
76                <action android:name="android.intent.action.LOCKED_BOOT_COMPLETED" />
76-->[:capacitor-local-notifications] AndroidManifest.xml:19:17-86
76-->[:capacitor-local-notifications] AndroidManifest.xml:19:25-83
77                <action android:name="android.intent.action.BOOT_COMPLETED" />
77-->[:capacitor-local-notifications] AndroidManifest.xml:20:17-79
77-->[:capacitor-local-notifications] AndroidManifest.xml:20:25-76
78                <action android:name="android.intent.action.QUICKBOOT_POWERON" />
78-->[:capacitor-local-notifications] AndroidManifest.xml:21:17-82
78-->[:capacitor-local-notifications] AndroidManifest.xml:21:25-79
79            </intent-filter>
80        </receiver>
81        <receiver
81-->[com.revenuecat.purchases:purchases-store-amazon:9.11.0] AndroidManifest.xml:8:9-15:20
82            android:name="com.amazon.device.iap.ResponseReceiver"
82-->[com.revenuecat.purchases:purchases-store-amazon:9.11.0] AndroidManifest.xml:9:13-66
83            android:exported="true"
83-->[com.revenuecat.purchases:purchases-store-amazon:9.11.0] AndroidManifest.xml:10:13-36
84            android:permission="com.amazon.inapp.purchasing.Permission.NOTIFY" >
84-->[com.revenuecat.purchases:purchases-store-amazon:9.11.0] AndroidManifest.xml:11:13-79
85            <intent-filter>
85-->[com.revenuecat.purchases:purchases-store-amazon:9.11.0] AndroidManifest.xml:12:13-14:29
86                <action android:name="com.amazon.inapp.purchasing.NOTIFY" />
86-->[com.revenuecat.purchases:purchases-store-amazon:9.11.0] AndroidManifest.xml:13:17-77
86-->[com.revenuecat.purchases:purchases-store-amazon:9.11.0] AndroidManifest.xml:13:25-74
87            </intent-filter>
88        </receiver>
89
90        <activity
90-->[com.revenuecat.purchases:purchases:9.11.0] AndroidManifest.xml:10:9-13:75
91            android:name="com.revenuecat.purchases.amazon.purchasing.ProxyAmazonBillingActivity"
91-->[com.revenuecat.purchases:purchases:9.11.0] AndroidManifest.xml:11:13-97
92            android:configChanges="keyboard|keyboardHidden|screenLayout|screenSize|orientation"
92-->[com.revenuecat.purchases:purchases:9.11.0] AndroidManifest.xml:12:13-96
93            android:theme="@android:style/Theme.Translucent.NoTitleBar" />
93-->[com.revenuecat.purchases:purchases:9.11.0] AndroidManifest.xml:13:13-72
94
95        <meta-data
95-->[com.android.billingclient:billing:8.0.0] AndroidManifest.xml:22:9-24:37
96            android:name="com.google.android.play.billingclient.version"
96-->[com.android.billingclient:billing:8.0.0] AndroidManifest.xml:23:13-73
97            android:value="8.0.0" />
97-->[com.android.billingclient:billing:8.0.0] AndroidManifest.xml:24:13-34
98
99        <activity
99-->[com.android.billingclient:billing:8.0.0] AndroidManifest.xml:26:9-30:75
100            android:name="com.android.billingclient.api.ProxyBillingActivity"
100-->[com.android.billingclient:billing:8.0.0] AndroidManifest.xml:27:13-78
101            android:configChanges="keyboard|keyboardHidden|screenLayout|screenSize|orientation"
101-->[com.android.billingclient:billing:8.0.0] AndroidManifest.xml:28:13-96
102            android:exported="false"
102-->[com.android.billingclient:billing:8.0.0] AndroidManifest.xml:29:13-37
103            android:theme="@android:style/Theme.Translucent.NoTitleBar" />
103-->[com.android.billingclient:billing:8.0.0] AndroidManifest.xml:30:13-72
104        <activity
104-->[com.android.billingclient:billing:8.0.0] AndroidManifest.xml:31:9-35:75
105            android:name="com.android.billingclient.api.ProxyBillingActivityV2"
105-->[com.android.billingclient:billing:8.0.0] AndroidManifest.xml:32:13-80
106            android:configChanges="keyboard|keyboardHidden|screenLayout|screenSize|orientation"
106-->[com.android.billingclient:billing:8.0.0] AndroidManifest.xml:33:13-96
107            android:exported="false"
107-->[com.android.billingclient:billing:8.0.0] AndroidManifest.xml:34:13-37
108            android:theme="@android:style/Theme.Translucent.NoTitleBar" />
108-->[com.android.billingclient:billing:8.0.0] AndroidManifest.xml:35:13-72
109        <activity
109-->[com.google.android.gms:play-services-base:18.5.0] AndroidManifest.xml:5:9-173
110            android:name="com.google.android.gms.common.api.GoogleApiActivity"
110-->[com.google.android.gms:play-services-base:18.5.0] AndroidManifest.xml:5:19-85
111            android:exported="false"
111-->[com.google.android.gms:play-services-base:18.5.0] AndroidManifest.xml:5:146-170
112            android:theme="@android:style/Theme.Translucent.NoTitleBar" />
112-->[com.google.android.gms:play-services-base:18.5.0] AndroidManifest.xml:5:86-145
113
114        <meta-data
114-->[com.google.android.gms:play-services-basement:18.4.0] AndroidManifest.xml:6:9-122
115            android:name="com.google.android.gms.version"
115-->[com.google.android.gms:play-services-basement:18.4.0] AndroidManifest.xml:6:20-65
116            android:value="@integer/google_play_services_version" />
116-->[com.google.android.gms:play-services-basement:18.4.0] AndroidManifest.xml:6:66-119
117
118        <provider
118-->[androidx.emoji2:emoji2:1.3.0] AndroidManifest.xml:24:9-32:20
119            android:name="androidx.startup.InitializationProvider"
119-->[androidx.emoji2:emoji2:1.3.0] AndroidManifest.xml:25:13-67
120            android:authorities="com.vread.app.androidx-startup"
120-->[androidx.emoji2:emoji2:1.3.0] AndroidManifest.xml:26:13-68
121            android:exported="false" >
121-->[androidx.emoji2:emoji2:1.3.0] AndroidManifest.xml:27:13-37
122            <meta-data
122-->[androidx.emoji2:emoji2:1.3.0] AndroidManifest.xml:29:13-31:52
123                android:name="androidx.emoji2.text.EmojiCompatInitializer"
123-->[androidx.emoji2:emoji2:1.3.0] AndroidManifest.xml:30:17-75
124                android:value="androidx.startup" />
124-->[androidx.emoji2:emoji2:1.3.0] AndroidManifest.xml:31:17-49
125            <meta-data
125-->[androidx.lifecycle:lifecycle-process:2.6.2] AndroidManifest.xml:29:13-31:52
126                android:name="androidx.lifecycle.ProcessLifecycleInitializer"
126-->[androidx.lifecycle:lifecycle-process:2.6.2] AndroidManifest.xml:30:17-78
127                android:value="androidx.startup" />
127-->[androidx.lifecycle:lifecycle-process:2.6.2] AndroidManifest.xml:31:17-49
128            <meta-data
128-->[androidx.profileinstaller:profileinstaller:1.3.1] AndroidManifest.xml:29:13-31:52
129                android:name="androidx.profileinstaller.ProfileInstallerInitializer"
129-->[androidx.profileinstaller:profileinstaller:1.3.1] AndroidManifest.xml:30:17-85
130                android:value="androidx.startup" />
130-->[androidx.profileinstaller:profileinstaller:1.3.1] AndroidManifest.xml:31:17-49
131        </provider>
132
133        <receiver
133-->[androidx.profileinstaller:profileinstaller:1.3.1] AndroidManifest.xml:34:9-52:20
134            android:name="androidx.profileinstaller.ProfileInstallReceiver"
134-->[androidx.profileinstaller:profileinstaller:1.3.1] AndroidManifest.xml:35:13-76
135            android:directBootAware="false"
135-->[androidx.profileinstaller:profileinstaller:1.3.1] AndroidManifest.xml:36:13-44
136            android:enabled="true"
136-->[androidx.profileinstaller:profileinstaller:1.3.1] AndroidManifest.xml:37:13-35
137            android:exported="true"
137-->[androidx.profileinstaller:profileinstaller:1.3.1] AndroidManifest.xml:38:13-36
138            android:permission="android.permission.DUMP" >
138-->[androidx.profileinstaller:profileinstaller:1.3.1] AndroidManifest.xml:39:13-57
139            <intent-filter>
139-->[androidx.profileinstaller:profileinstaller:1.3.1] AndroidManifest.xml:40:13-42:29
140                <action android:name="androidx.profileinstaller.action.INSTALL_PROFILE" />
140-->[androidx.profileinstaller:profileinstaller:1.3.1] AndroidManifest.xml:41:17-91
140-->[androidx.profileinstaller:profileinstaller:1.3.1] AndroidManifest.xml:41:25-88
141            </intent-filter>
142            <intent-filter>
142-->[androidx.profileinstaller:profileinstaller:1.3.1] AndroidManifest.xml:43:13-45:29
143                <action android:name="androidx.profileinstaller.action.SKIP_FILE" />
143-->[androidx.profileinstaller:profileinstaller:1.3.1] AndroidManifest.xml:44:17-85
143-->[androidx.profileinstaller:profileinstaller:1.3.1] AndroidManifest.xml:44:25-82
144            </intent-filter>
145            <intent-filter>
145-->[androidx.profileinstaller:profileinstaller:1.3.1] AndroidManifest.xml:46:13-48:29
146                <action android:name="androidx.profileinstaller.action.SAVE_PROFILE" />
146-->[androidx.profileinstaller:profileinstaller:1.3.1] AndroidManifest.xml:47:17-88
146-->[androidx.profileinstaller:profileinstaller:1.3.1] AndroidManifest.xml:47:25-85
147            </intent-filter>
148            <intent-filter>
148-->[androidx.profileinstaller:profileinstaller:1.3.1] AndroidManifest.xml:49:13-51:29
149                <action android:name="androidx.profileinstaller.action.BENCHMARK_OPERATION" />
149-->[androidx.profileinstaller:profileinstaller:1.3.1] AndroidManifest.xml:50:17-95
149-->[androidx.profileinstaller:profileinstaller:1.3.1] AndroidManifest.xml:50:25-92
150            </intent-filter>
151        </receiver>
152
153        <service
153-->[com.google.android.datatransport:transport-backend-cct:3.1.8] AndroidManifest.xml:28:9-34:19
154            android:name="com.google.android.datatransport.runtime.backends.TransportBackendDiscovery"
154-->[com.google.android.datatransport:transport-backend-cct:3.1.8] AndroidManifest.xml:29:13-103
155            android:exported="false" >
155-->[com.google.android.datatransport:transport-backend-cct:3.1.8] AndroidManifest.xml:30:13-37
156            <meta-data
156-->[com.google.android.datatransport:transport-backend-cct:3.1.8] AndroidManifest.xml:31:13-33:39
157                android:name="backend:com.google.android.datatransport.cct.CctBackendFactory"
157-->[com.google.android.datatransport:transport-backend-cct:3.1.8] AndroidManifest.xml:32:17-94
158                android:value="cct" />
158-->[com.google.android.datatransport:transport-backend-cct:3.1.8] AndroidManifest.xml:33:17-36
159        </service>
160        <service
160-->[com.google.android.datatransport:transport-runtime:3.1.8] AndroidManifest.xml:26:9-30:19
161            android:name="com.google.android.datatransport.runtime.scheduling.jobscheduling.JobInfoSchedulerService"
161-->[com.google.android.datatransport:transport-runtime:3.1.8] AndroidManifest.xml:27:13-117
162            android:exported="false"
162-->[com.google.android.datatransport:transport-runtime:3.1.8] AndroidManifest.xml:28:13-37
163            android:permission="android.permission.BIND_JOB_SERVICE" >
163-->[com.google.android.datatransport:transport-runtime:3.1.8] AndroidManifest.xml:29:13-69
164        </service>
165
166        <receiver
166-->[com.google.android.datatransport:transport-runtime:3.1.8] AndroidManifest.xml:32:9-34:40
167            android:name="com.google.android.datatransport.runtime.scheduling.jobscheduling.AlarmManagerSchedulerBroadcastReceiver"
167-->[com.google.android.datatransport:transport-runtime:3.1.8] AndroidManifest.xml:33:13-132
168            android:exported="false" />
168-->[com.google.android.datatransport:transport-runtime:3.1.8] AndroidManifest.xml:34:13-37
169    </application>
170
171</manifest>